gfx/hc/editor_form_updated.png

gfx/hc/attribs/angel.png
gfx/hc/attribs/devil.png
gfx/hc/attribs/gandalf_hat.png
gfx/hc/attribs/graduation_hat.png
gfx/hc/attribs/metal_helmet_adm.png
gfx/hc/attribs/metal_helmet_mod.png
gfx/hc/attribs/metal_helmet_vip.png
gfx/hc/attribs/party_hat.png
gfx/hc/attribs/pirate_hat.png
gfx/hc/attribs/pumpkin_head.png
gfx/hc/attribs/santa_hat.png
gfx/hc/attribs/snowman.png
gfx/hc/attribs/spear.png
gfx/hc/attribs/umbrella_ct.png
gfx/hc/attribs/umbrella_t.png

gfx/hc/emoticons/angry.png
gfx/hc/emoticons/cheeky.png
gfx/hc/emoticons/crying.png
gfx/hc/emoticons/cursing.png
gfx/hc/emoticons/evil.png
gfx/hc/emoticons/frowning.png
gfx/hc/emoticons/heart.png
gfx/hc/emoticons/laughing.png
gfx/hc/emoticons/skeptical.png
gfx/hc/emoticons/smiling.png
gfx/hc/emoticons/smiling_big.png
gfx/hc/emoticons/speechbubble.png
gfx/hc/emoticons/surprised.png
gfx/hc/emoticons/uneasy.png
gfx/hc/emoticons/winking.png
